<?xml version="1.0" encoding="UTF-8"?>
<!-- Generated by org.testng.reporters.JUnitReportReporter -->
<testsuite skipped="0" hostname="LP-5CD7465GP0" name="sample.WebElement_Commands" tests="1" failures="0" timestamp="29 Apr 2019 07:17:45 GMT" time="20.727" errors="0">
  <testcase name="select_commands" time="20.727" classname="sample.WebElement_Commands"/>
</testsuite> <!-- sample.WebElement_Commands -->
