<?xml version="1.0" encoding="UTF-8"?>
<!-- Generated by org.testng.reporters.JUnitReportReporter -->
<testsuite skipped="0" hostname="LP-5CD7465GP0" name="sample.Browser_Commands" tests="1" failures="0" timestamp="24 Apr 2019 07:00:30 GMT" time="12.725" errors="0">
  <testcase name="f" time="12.725" classname="sample.Browser_Commands"/>
</testsuite> <!-- sample.Browser_Commands -->
