<?xml version="1.0" encoding="UTF-8"?>
<!-- Generated by org.testng.reporters.JUnitReportReporter -->
<testsuite skipped="0" hostname="LP-5CD7465GP0" name="com.HFramework.Testcases.BookTicketTest" tests="1" failures="0" timestamp="17 Jan 2020 18:38:22 GMT" time="117.824" errors="0">
  <testcase name="BookTicket" time="117.824" classname="com.HFramework.Testcases.BookTicketTest"/>
</testsuite> <!-- com.HFramework.Testcases.BookTicketTest -->
