<?xml version="1.0" encoding="UTF-8"?>
<!-- Generated by org.testng.reporters.JUnitReportReporter -->
<testsuite skipped="0" hostname="LP-5CD7465GP0" name="sample.Selenium" tests="1" failures="0" timestamp="24 Apr 2019 05:56:40 GMT" time="29.711" errors="0">
  <testcase name="f" time="29.711" classname="sample.Selenium"/>
</testsuite> <!-- sample.Selenium -->
