<?xml version="1.0" encoding="UTF-8"?>
<!-- Generated by org.testng.reporters.JUnitReportReporter -->
<testsuite skipped="0" hostname="LP-5CD7465GP0" name="com.HFramework.utility.Extentsreports" tests="1" failures="0" timestamp="17 Jan 2020 17:43:22 GMT" time="177.330" errors="0">
  <testcase name="verifyBlogTitle" time="177.330" classname="com.HFramework.utility.Extentsreports"/>
</testsuite> <!-- com.HFramework.utility.Extentsreports -->
