<?xml version="1.0" encoding="UTF-8"?>
<!-- Generated by org.testng.reporters.JUnitReportReporter -->
<testsuite skipped="0" hostname="LP-5CD7465GP0" name="sample.Switch_Commands" tests="1" failures="0" timestamp="02 May 2019 06:21:06 GMT" time="11.641" errors="0">
  <testcase name="f" time="11.641" classname="sample.Switch_Commands"/>
</testsuite> <!-- sample.Switch_Commands -->
