<?xml version="1.0" encoding="UTF-8"?>
<!-- Generated by org.testng.reporters.JUnitReportReporter -->
<testsuite skipped="0" hostname="LP-5CD7465GP0" name="sample.Browser_Navigation_Commands" tests="1" failures="0" timestamp="24 Apr 2019 07:03:44 GMT" time="24.640" errors="0">
  <testcase name="f" time="24.640" classname="sample.Browser_Navigation_Commands"/>
</testsuite> <!-- sample.Browser_Navigation_Commands -->
