<?xml version="1.0" encoding="UTF-8"?>
<!-- Generated by org.testng.reporters.JUnitReportReporter -->
<testsuite skipped="0" hostname="LP-5CD7465GP0" name="com.HFramework.Testcases.LoginTest" tests="1" failures="0" timestamp="17 Jan 2020 18:42:08 GMT" time="110.273" errors="0">
  <testcase name="Login" time="110.273" classname="com.HFramework.Testcases.LoginTest"/>
</testsuite> <!-- com.HFramework.Testcases.LoginTest -->
