<?xml version="1.0" encoding="UTF-8"?>
<!-- Generated by org.testng.reporters.JUnitReportReporter -->
<testsuite skipped="0" hostname="LP-5CD7465GP0" name="sample.Windows_Frames_Alerts" tests="1" failures="0" timestamp="02 May 2019 07:31:05 GMT" time="16.193" errors="0">
  <testcase name="Alertpopups" time="16.193" classname="sample.Windows_Frames_Alerts"/>
</testsuite> <!-- sample.Windows_Frames_Alerts -->
